d:\_git stuff\midnight rush reboot\midnightrush\midnightrush\x64\release\vc142.pdb
d:\_git stuff\midnight rush reboot\midnightrush\midnightrush\x64\release\menu.obj
d:\_git stuff\midnight rush reboot\midnightrush\midnightrush\x64\release\loadscreen.obj
d:\_git stuff\midnight rush reboot\midnightrush\midnightrush\x64\release\licencescreen.obj
d:\_git stuff\midnight rush reboot\midnightrush\midnightrush\x64\release\levelstate.obj
d:\_git stuff\midnight rush reboot\midnightrush\midnightrush\x64\release\hostagemanager.obj
d:\_git stuff\midnight rush reboot\midnightrush\midnightrush\x64\release\hostage.obj
d:\_git stuff\midnight rush reboot\midnightrush\midnightrush\x64\release\helpscreen.obj
d:\_git stuff\midnight rush reboot\midnightrush\midnightrush\x64\release\gamestatemanager.obj
d:\_git stuff\midnight rush reboot\midnightrush\midnightrush\x64\release\gameoverscreen.obj
d:\_git stuff\midnight rush reboot\midnightrush\midnightrush\x64\release\floor.obj
d:\_git stuff\midnight rush reboot\midnightrush\midnightrush\x64\release\enemypaths.obj
d:\_git stuff\midnight rush reboot\midnightrush\midnightrush\x64\release\enemymanager.obj
d:\_git stuff\midnight rush reboot\midnightrush\midnightrush\x64\release\enemyai.obj
d:\_git stuff\midnight rush reboot\midnightrush\midnightrush\x64\release\enemy.obj
d:\_git stuff\midnight rush reboot\midnightrush\midnightrush\x64\release\controls.obj
d:\_git stuff\midnight rush reboot\midnightrush\midnightrush\x64\release\collisiondetection.obj
d:\_git stuff\midnight rush reboot\midnightrush\midnightrush\x64\release\bullet.obj
d:\_git stuff\midnight rush reboot\midnightrush\midnightrush\x64\release\background.obj
d:\_git stuff\midnight rush reboot\midnightrush\midnightrush\x64\release\audiomanager.obj
d:\_git stuff\midnight rush reboot\midnightrush\midnightrush\x64\release\winner.obj
d:\_git stuff\midnight rush reboot\midnightrush\midnightrush\x64\release\weapon.obj
d:\_git stuff\midnight rush reboot\midnightrush\midnightrush\x64\release\wallmanager.obj
d:\_git stuff\midnight rush reboot\midnightrush\midnightrush\x64\release\wall.obj
d:\_git stuff\midnight rush reboot\midnightrush\midnightrush\x64\release\splashscreen.obj
d:\_git stuff\midnight rush reboot\midnightrush\midnightrush\x64\release\soundscreen.obj
d:\_git stuff\midnight rush reboot\midnightrush\midnightrush\x64\release\screenmanager.obj
d:\_git stuff\midnight rush reboot\midnightrush\midnightrush\x64\release\score.obj
d:\_git stuff\midnight rush reboot\midnightrush\midnightrush\x64\release\player.obj
d:\_git stuff\midnight rush reboot\midnightrush\midnightrush\x64\release\pause.obj
d:\_git stuff\midnight rush reboot\midnightrush\midnightrush\x64\release\options.obj
d:\_git stuff\midnight rush reboot\midnightrush\midnightrush\x64\release\menumanager.obj
d:\_git stuff\midnight rush reboot\midnightrush\midnightrush\x64\release\midnightrush.tlog\cl.command.1.tlog
d:\_git stuff\midnight rush reboot\midnightrush\midnightrush\x64\release\midnightrush.tlog\cl.read.1.tlog
d:\_git stuff\midnight rush reboot\midnightrush\midnightrush\x64\release\midnightrush.tlog\cl.write.1.tlog
