d:\_git stuff\midnight rush reboot\midnightrush\midnightrush\x64\debug\vc142.pdb
d:\_git stuff\midnight rush reboot\midnightrush\midnightrush\x64\debug\vc142.idb
d:\_git stuff\midnight rush reboot\midnightrush\midnightrush\x64\debug\menu.obj
d:\_git stuff\midnight rush reboot\midnightrush\midnightrush\x64\debug\main.obj
d:\_git stuff\midnight rush reboot\midnightrush\midnightrush\x64\debug\loadscreen.obj
d:\_git stuff\midnight rush reboot\midnightrush\midnightrush\x64\debug\licencescreen.obj
d:\_git stuff\midnight rush reboot\midnightrush\midnightrush\x64\debug\levelstate.obj
d:\_git stuff\midnight rush reboot\midnightrush\midnightrush\x64\debug\hostagemanager.obj
d:\_git stuff\midnight rush reboot\midnightrush\midnightrush\x64\debug\hostage.obj
d:\_git stuff\midnight rush reboot\midnightrush\midnightrush\x64\debug\helpscreen.obj
d:\_git stuff\midnight rush reboot\midnightrush\midnightrush\x64\debug\gamestatemanager.obj
d:\_git stuff\midnight rush reboot\midnightrush\midnightrush\x64\debug\gameoverscreen.obj
d:\_git stuff\midnight rush reboot\midnightrush\midnightrush\x64\debug\floor.obj
d:\_git stuff\midnight rush reboot\midnightrush\midnightrush\x64\debug\enemypaths.obj
d:\_git stuff\midnight rush reboot\midnightrush\midnightrush\x64\debug\enemymanager.obj
d:\_git stuff\midnight rush reboot\midnightrush\midnightrush\x64\debug\enemyai.obj
d:\_git stuff\midnight rush reboot\midnightrush\midnightrush\x64\debug\enemy.obj
d:\_git stuff\midnight rush reboot\midnightrush\midnightrush\x64\debug\controls.obj
d:\_git stuff\midnight rush reboot\midnightrush\midnightrush\x64\debug\collisiondetection.obj
d:\_git stuff\midnight rush reboot\midnightrush\midnightrush\x64\debug\bullet.obj
d:\_git stuff\midnight rush reboot\midnightrush\midnightrush\x64\debug\background.obj
d:\_git stuff\midnight rush reboot\midnightrush\midnightrush\x64\debug\audiomanager.obj
d:\_git stuff\midnight rush reboot\midnightrush\midnightrush\x64\debug\winner.obj
d:\_git stuff\midnight rush reboot\midnightrush\midnightrush\x64\debug\weapon.obj
d:\_git stuff\midnight rush reboot\midnightrush\midnightrush\x64\debug\wallmanager.obj
d:\_git stuff\midnight rush reboot\midnightrush\midnightrush\x64\debug\wall.obj
d:\_git stuff\midnight rush reboot\midnightrush\midnightrush\x64\debug\splashscreen.obj
d:\_git stuff\midnight rush reboot\midnightrush\midnightrush\x64\debug\soundscreen.obj
d:\_git stuff\midnight rush reboot\midnightrush\midnightrush\x64\debug\screenmanager.obj
d:\_git stuff\midnight rush reboot\midnightrush\midnightrush\x64\debug\score.obj
d:\_git stuff\midnight rush reboot\midnightrush\midnightrush\x64\debug\player.obj
d:\_git stuff\midnight rush reboot\midnightrush\midnightrush\x64\debug\pause.obj
d:\_git stuff\midnight rush reboot\midnightrush\midnightrush\x64\debug\options.obj
d:\_git stuff\midnight rush reboot\midnightrush\midnightrush\x64\debug\menumanager.obj
d:\_git stuff\midnight rush reboot\midnightrush\x64\debug\midnightrush.ilk
d:\_git stuff\midnight rush reboot\midnightrush\x64\debug\midnightrush.exe
d:\_git stuff\midnight rush reboot\midnightrush\x64\debug\midnightrush.pdb
d:\_git stuff\midnight rush reboot\midnightrush\midnightrush\x64\debug\midnightrush.tlog\cl.command.1.tlog
d:\_git stuff\midnight rush reboot\midnightrush\midnightrush\x64\debug\midnightrush.tlog\cl.read.1.tlog
d:\_git stuff\midnight rush reboot\midnightrush\midnightrush\x64\debug\midnightrush.tlog\cl.write.1.tlog
d:\_git stuff\midnight rush reboot\midnightrush\midnightrush\x64\debug\midnightrush.tlog\link.command.1.tlog
d:\_git stuff\midnight rush reboot\midnightrush\midnightrush\x64\debug\midnightrush.tlog\link.read.1.tlog
d:\_git stuff\midnight rush reboot\midnightrush\midnightrush\x64\debug\midnightrush.tlog\link.write.1.tlog
